  [1m[35m (1.1ms)[0m  [1m[34mSELECT sqlite_version(*)[0m
  [1m[35m (0.5ms)[0m  [1m[35mCREATE TABLE "schema_migrations" ("version" varchar NOT NULL PRIMARY KEY)[0m
  [1m[35m (0.4ms)[0m  [1m[35mCREATE TABLE "ar_internal_metadata" ("key" varchar NOT NULL PRIMARY KEY, "value" varchar, "created_at" datetime(6) NOT NULL, "updated_at" datetime(6) NOT NULL)[0m
  [1m[35m (0.0ms)[0m  [1m[34mSELECT "schema_migrations"."version" FROM "schema_migrations" ORDER BY "schema_migrations"."version" ASC[0m
Migrating to CreateJobs (20241122204911)
  [1m[36mTRANSACTION (0.0ms)[0m  [1m[36mbegin transaction[0m
  [1m[35m (0.2ms)[0m  [1m[35mCREATE TABLE "jobs" ("id" integer PRIMARY KEY AUTOINCREMENT NOT NULL, "url" varchar, "employer_name" varchar, "employer_description" varchar, "job_title" varchar, "job_description" varchar, "year_of_experience" integer, "education_requirement" varchar, "industry" varchar, "base_salary" integer, "employment_type_id" integer, "created_at" datetime(6) NOT NULL, "updated_at" datetime(6) NOT NULL)[0m
  [1m[36mActiveRecord::SchemaMigration Create (0.0ms)[0m  [1m[32mINSERT INTO "schema_migrations" ("version") VALUES (?)[0m  [["version", "20241122204911"]]
  [1m[36mTRANSACTION (0.4ms)[0m  [1m[36mcommit transaction[0m
  [1m[36mActiveRecord::InternalMetadata Load (0.0ms)[0m  [1m[34mSELECT "ar_internal_metadata".* FROM "ar_internal_metadata" WHERE "ar_internal_metadata"."key" = ? LIMIT ?[0m  [["key", "environment"], ["LIMIT", 1]]
  [1m[36mTRANSACTION (0.0ms)[0m  [1m[36mbegin transaction[0m
  [1m[36mActiveRecord::InternalMetadata Create (0.2ms)[0m  [1m[32mINSERT INTO "ar_internal_metadata" ("key", "value", "created_at", "updated_at") VALUES (?, ?, ?, ?)[0m  [["key", "environment"], ["value", "development"], ["created_at", "2024-11-22 20:49:49.968532"], ["updated_at", "2024-11-22 20:49:49.968532"]]
  [1m[36mTRANSACTION (0.2ms)[0m  [1m[36mcommit transaction[0m
  [1m[35m (0.0ms)[0m  [1m[34mSELECT sqlite_version(*)[0m
  [1m[35m (0.0ms)[0m  [1m[34mSELECT "schema_migrations"."version" FROM "schema_migrations" ORDER BY "schema_migrations"."version" ASC[0m
Started GET "/" for 127.0.0.1 at 2024-11-27 10:46:58 -1000
  [1m[35m (1.2ms)[0m  [1m[34mSELECT sqlite_version(*)[0m
  [1m[35m (0.1ms)[0m  [1m[34mSELECT "schema_migrations"."version" FROM "schema_migrations" ORDER BY "schema_migrations"."version" ASC[0m
Processing by Rails::WelcomeController#index as HTML
  Rendering /Users/alvinwu/.rbenv/versions/3.1.2/lib/ruby/gems/3.1.0/gems/railties-6.1.7.10/lib/rails/templates/rails/welcome/index.html.erb
  Rendered /Users/alvinwu/.rbenv/versions/3.1.2/lib/ruby/gems/3.1.0/gems/railties-6.1.7.10/lib/rails/templates/rails/welcome/index.html.erb (Duration: 7.4ms | Allocations: 580)
Completed 200 OK in 19ms (Views: 11.4ms | ActiveRecord: 0.0ms | Allocations: 4198)


Started GET "/" for 127.0.0.1 at 2024-11-27 10:47:01 -1000
Processing by Rails::WelcomeController#index as HTML
  Rendering /Users/alvinwu/.rbenv/versions/3.1.2/lib/ruby/gems/3.1.0/gems/railties-6.1.7.10/lib/rails/templates/rails/welcome/index.html.erb
  Rendered /Users/alvinwu/.rbenv/versions/3.1.2/lib/ruby/gems/3.1.0/gems/railties-6.1.7.10/lib/rails/templates/rails/welcome/index.html.erb (Duration: 3.5ms | Allocations: 269)
Completed 200 OK in 7ms (Views: 4.5ms | ActiveRecord: 0.0ms | Allocations: 1027)


